<?xml version="1.0" encoding="UTF-8"?>
<!-- Generated by org.testng.reporters.JUnitXMLReporter -->
<testsuite ignored="6" hostname="1R-57" failures="3" tests="7" name="Negative-Test" time="89.253" errors="0" timestamp="18 Apr 2024 13:17:39 GMT">
  <testcase classname="tests.app.notes.com.practice.expandtesting.MyNotesPageTest" name="addNoteNegativeTesting" time="9.165"/>
  <testcase classname="tests.app.notes.com.practice.expandtesting.MyNotesPageTest" name="addNoteNegativeTesting" time="9.221"/>
  <testcase classname="tests.app.notes.com.practice.expandtesting.MyNotesPageTest" name="addNoteNegativeTesting" time="8.823"/>
  <testcase classname="tests.app.notes.com.practice.expandtesting.MyNotesPageTest" name="addNoteNegativeTesting" time="9.911"/>
  <testcase classname="tests.app.notes.com.practice.expandtesting.MyNotesPageTest" name="addNoteNegativeTesting" time="2.18">
    <failure type="org.openqa.selenium.ElementNotInteractableException" message="Element &amp;lt;a class=&amp;quot;my-link stretched-link&amp;quot; href=&amp;quot;/notes/app&amp;quot;&amp;gt; could not be scrolled into view
Build info: version: &amp;apos;3.14.0&amp;apos;, revision: &amp;apos;aacccce0&amp;apos;, time: &amp;apos;2018-08-02T20:19:58.91Z&amp;apos;
System info: host: &amp;apos;1R-57&amp;apos;, ip: &amp;apos;172.16.5.66&amp;apos;, os.name: &amp;apos;Windows 10&amp;apos;, os.arch: &amp;apos;amd64&amp;apos;, os.version: &amp;apos;10.0&amp;apos;, java.version: &amp;apos;11.0.2&amp;apos;
Driver info: org.openqa.selenium.firefox.FirefoxDriver
Capabilities {acceptInsecureCerts: true, browserName: firefox, browserVersion: 125.0.1, javascriptEnabled: true, moz:accessibilityChecks: false, moz:buildID: 20240416043247, moz:geckodriverVersion: 0.34.0, moz:headless: false, moz:platformVersion: 10.0, moz:processID: 25728, moz:profile: C:\Users\JIGNES~1\AppData\L..., moz:shutdownTimeout: 60000, moz:webdriverClick: true, moz:windowless: false, pageLoadStrategy: normal, platform: WINDOWS, platformName: WINDOWS, proxy: Proxy(), setWindowRect: true, strictFileInteractability: false, timeouts: {implicit: 0, pageLoad: 300000, script: 30000}, unhandledPromptBehavior: dismiss and notify, userAgent: Mozilla/5.0 (Windows NT 10....}
Session ID: 071f74a8-9924-4dfa-aeb0-fbad9df40363">
      <![CDATA[org.openqa.selenium.ElementNotInteractableException: Element <a class="my-link stretched-link" href="/notes/app"> could not be scrolled into view
Build info: version: '3.14.0', revision: 'aacccce0', time: '2018-08-02T20:19:58.91Z'
System info: host: '1R-57', ip: '172.16.5.66', os.name: 'Windows 10', os.arch: 'amd64', os.version: '10.0', java.version: '11.0.2'
Driver info: org.openqa.selenium.firefox.FirefoxDriver
Capabilities {acceptInsecureCerts: true, browserName: firefox, browserVersion: 125.0.1, javascriptEnabled: true, moz:accessibilityChecks: false, moz:buildID: 20240416043247, moz:geckodriverVersion: 0.34.0, moz:headless: false, moz:platformVersion: 10.0, moz:processID: 25728, moz:profile: C:\Users\JIGNES~1\AppData\L..., moz:shutdownTimeout: 60000, moz:webdriverClick: true, moz:windowless: false, pageLoadStrategy: normal, platform: WINDOWS, platformName: WINDOWS, proxy: Proxy(), setWindowRect: true, strictFileInteractability: false, timeouts: {implicit: 0, pageLoad: 300000, script: 30000}, unhandledPromptBehavior: dismiss and notify, userAgent: Mozilla/5.0 (Windows NT 10....}
Session ID: 071f74a8-9924-4dfa-aeb0-fbad9df40363
at org.openqa.selenium.remote.http.W3CHttpResponseCodec.createException(W3CHttpResponseCodec.java:187)
at org.openqa.selenium.remote.http.W3CHttpResponseCodec.decode(W3CHttpResponseCodec.java:122)
at org.openqa.selenium.remote.http.W3CHttpResponseCodec.decode(W3CHttpResponseCodec.java:49)
at org.openqa.selenium.remote.HttpCommandExecutor.execute(HttpCommandExecutor.java:158)
at org.openqa.selenium.remote.service.DriverCommandExecutor.execute(DriverCommandExecutor.java:83)
at org.openqa.selenium.remote.RemoteWebDriver.execute(RemoteWebDriver.java:548)
at org.openqa.selenium.remote.RemoteWebElement.execute(RemoteWebElement.java:276)
at org.openqa.selenium.remote.RemoteWebElement.click(RemoteWebElement.java:83)
at pages.com.practice.expandtesting.BasePageObject.click(BasePageObject.java:48)
at pages.com.practice.expandtesting.HomePage.openNotesAppPage(HomePage.java:129)
at tests.app.notes.com.practice.expandtesting.MyNotesPageTest.positiveloginTesting(MyNotesPageTest.java:19)
at tests.app.notes.com.practice.expandtesting.MyNotesPageTest.addNoteNegativeTesting(MyNotesPageTest.java:51)
at java.base/java.util.concurrent.FutureTask.run(FutureTask.java:264)
at java.base/java.util.concurrent.ThreadPoolExecutor.runWorker(ThreadPoolExecutor.java:1128)
at java.base/java.util.concurrent.ThreadPoolExecutor$Worker.run(ThreadPoolExecutor.java:628)
at java.base/java.lang.Thread.run(Thread.java:834)
... Removed 20 stack frames]]>
    </failure>
  </testcase> <!-- addNoteNegativeTesting -->
  <testcase classname="tests.app.notes.com.practice.expandtesting.MyNotesPageTest" name="addNoteNegativeTesting" time="2.494">
    <failure type="org.openqa.selenium.ElementNotInteractableException" message="Element &amp;lt;a class=&amp;quot;my-link stretched-link&amp;quot; href=&amp;quot;/notes/app&amp;quot;&amp;gt; could not be scrolled into view
Build info: version: &amp;apos;3.14.0&amp;apos;, revision: &amp;apos;aacccce0&amp;apos;, time: &amp;apos;2018-08-02T20:19:58.91Z&amp;apos;
System info: host: &amp;apos;1R-57&amp;apos;, ip: &amp;apos;172.16.5.66&amp;apos;, os.name: &amp;apos;Windows 10&amp;apos;, os.arch: &amp;apos;amd64&amp;apos;, os.version: &amp;apos;10.0&amp;apos;, java.version: &amp;apos;11.0.2&amp;apos;
Driver info: org.openqa.selenium.firefox.FirefoxDriver
Capabilities {acceptInsecureCerts: true, browserName: firefox, browserVersion: 125.0.1, javascriptEnabled: true, moz:accessibilityChecks: false, moz:buildID: 20240416043247, moz:geckodriverVersion: 0.34.0, moz:headless: false, moz:platformVersion: 10.0, moz:processID: 8936, moz:profile: C:\Users\JIGNES~1\AppData\L..., moz:shutdownTimeout: 60000, moz:webdriverClick: true, moz:windowless: false, pageLoadStrategy: normal, platform: WINDOWS, platformName: WINDOWS, proxy: Proxy(), setWindowRect: true, strictFileInteractability: false, timeouts: {implicit: 0, pageLoad: 300000, script: 30000}, unhandledPromptBehavior: dismiss and notify, userAgent: Mozilla/5.0 (Windows NT 10....}
Session ID: b19efe1e-d8d4-4610-8f56-c3ea824de636">
      <![CDATA[org.openqa.selenium.ElementNotInteractableException: Element <a class="my-link stretched-link" href="/notes/app"> could not be scrolled into view
Build info: version: '3.14.0', revision: 'aacccce0', time: '2018-08-02T20:19:58.91Z'
System info: host: '1R-57', ip: '172.16.5.66', os.name: 'Windows 10', os.arch: 'amd64', os.version: '10.0', java.version: '11.0.2'
Driver info: org.openqa.selenium.firefox.FirefoxDriver
Capabilities {acceptInsecureCerts: true, browserName: firefox, browserVersion: 125.0.1, javascriptEnabled: true, moz:accessibilityChecks: false, moz:buildID: 20240416043247, moz:geckodriverVersion: 0.34.0, moz:headless: false, moz:platformVersion: 10.0, moz:processID: 8936, moz:profile: C:\Users\JIGNES~1\AppData\L..., moz:shutdownTimeout: 60000, moz:webdriverClick: true, moz:windowless: false, pageLoadStrategy: normal, platform: WINDOWS, platformName: WINDOWS, proxy: Proxy(), setWindowRect: true, strictFileInteractability: false, timeouts: {implicit: 0, pageLoad: 300000, script: 30000}, unhandledPromptBehavior: dismiss and notify, userAgent: Mozilla/5.0 (Windows NT 10....}
Session ID: b19efe1e-d8d4-4610-8f56-c3ea824de636
at org.openqa.selenium.remote.http.W3CHttpResponseCodec.createException(W3CHttpResponseCodec.java:187)
at org.openqa.selenium.remote.http.W3CHttpResponseCodec.decode(W3CHttpResponseCodec.java:122)
at org.openqa.selenium.remote.http.W3CHttpResponseCodec.decode(W3CHttpResponseCodec.java:49)
at org.openqa.selenium.remote.HttpCommandExecutor.execute(HttpCommandExecutor.java:158)
at org.openqa.selenium.remote.service.DriverCommandExecutor.execute(DriverCommandExecutor.java:83)
at org.openqa.selenium.remote.RemoteWebDriver.execute(RemoteWebDriver.java:548)
at org.openqa.selenium.remote.RemoteWebElement.execute(RemoteWebElement.java:276)
at org.openqa.selenium.remote.RemoteWebElement.click(RemoteWebElement.java:83)
at pages.com.practice.expandtesting.BasePageObject.click(BasePageObject.java:48)
at pages.com.practice.expandtesting.HomePage.openNotesAppPage(HomePage.java:129)
at tests.app.notes.com.practice.expandtesting.MyNotesPageTest.positiveloginTesting(MyNotesPageTest.java:19)
at tests.app.notes.com.practice.expandtesting.MyNotesPageTest.addNoteNegativeTesting(MyNotesPageTest.java:51)
at java.base/java.util.concurrent.FutureTask.run(FutureTask.java:264)
at java.base/java.util.concurrent.ThreadPoolExecutor.runWorker(ThreadPoolExecutor.java:1128)
at java.base/java.util.concurrent.ThreadPoolExecutor$Worker.run(ThreadPoolExecutor.java:628)
at java.base/java.lang.Thread.run(Thread.java:834)
... Removed 20 stack frames]]>
    </failure>
  </testcase> <!-- addNoteNegativeTesting -->
  <testcase classname="tests.app.notes.com.practice.expandtesting.MyNotesPageTest" name="addNoteNegativeTesting" time="2.415">
    <failure type="org.openqa.selenium.ElementNotInteractableException" message="Element &amp;lt;a class=&amp;quot;my-link stretched-link&amp;quot; href=&amp;quot;/notes/app&amp;quot;&amp;gt; could not be scrolled into view
Build info: version: &amp;apos;3.14.0&amp;apos;, revision: &amp;apos;aacccce0&amp;apos;, time: &amp;apos;2018-08-02T20:19:58.91Z&amp;apos;
System info: host: &amp;apos;1R-57&amp;apos;, ip: &amp;apos;172.16.5.66&amp;apos;, os.name: &amp;apos;Windows 10&amp;apos;, os.arch: &amp;apos;amd64&amp;apos;, os.version: &amp;apos;10.0&amp;apos;, java.version: &amp;apos;11.0.2&amp;apos;
Driver info: org.openqa.selenium.firefox.FirefoxDriver
Capabilities {acceptInsecureCerts: true, browserName: firefox, browserVersion: 125.0.1, javascriptEnabled: true, moz:accessibilityChecks: false, moz:buildID: 20240416043247, moz:geckodriverVersion: 0.34.0, moz:headless: false, moz:platformVersion: 10.0, moz:processID: 24348, moz:profile: C:\Users\JIGNES~1\AppData\L..., moz:shutdownTimeout: 60000, moz:webdriverClick: true, moz:windowless: false, pageLoadStrategy: normal, platform: WINDOWS, platformName: WINDOWS, proxy: Proxy(), setWindowRect: true, strictFileInteractability: false, timeouts: {implicit: 0, pageLoad: 300000, script: 30000}, unhandledPromptBehavior: dismiss and notify, userAgent: Mozilla/5.0 (Windows NT 10....}
Session ID: 5dcb7992-38ac-4a84-9621-ae7a41151e52">
      <![CDATA[org.openqa.selenium.ElementNotInteractableException: Element <a class="my-link stretched-link" href="/notes/app"> could not be scrolled into view
Build info: version: '3.14.0', revision: 'aacccce0', time: '2018-08-02T20:19:58.91Z'
System info: host: '1R-57', ip: '172.16.5.66', os.name: 'Windows 10', os.arch: 'amd64', os.version: '10.0', java.version: '11.0.2'
Driver info: org.openqa.selenium.firefox.FirefoxDriver
Capabilities {acceptInsecureCerts: true, browserName: firefox, browserVersion: 125.0.1, javascriptEnabled: true, moz:accessibilityChecks: false, moz:buildID: 20240416043247, moz:geckodriverVersion: 0.34.0, moz:headless: false, moz:platformVersion: 10.0, moz:processID: 24348, moz:profile: C:\Users\JIGNES~1\AppData\L..., moz:shutdownTimeout: 60000, moz:webdriverClick: true, moz:windowless: false, pageLoadStrategy: normal, platform: WINDOWS, platformName: WINDOWS, proxy: Proxy(), setWindowRect: true, strictFileInteractability: false, timeouts: {implicit: 0, pageLoad: 300000, script: 30000}, unhandledPromptBehavior: dismiss and notify, userAgent: Mozilla/5.0 (Windows NT 10....}
Session ID: 5dcb7992-38ac-4a84-9621-ae7a41151e52
at org.openqa.selenium.remote.http.W3CHttpResponseCodec.createException(W3CHttpResponseCodec.java:187)
at org.openqa.selenium.remote.http.W3CHttpResponseCodec.decode(W3CHttpResponseCodec.java:122)
at org.openqa.selenium.remote.http.W3CHttpResponseCodec.decode(W3CHttpResponseCodec.java:49)
at org.openqa.selenium.remote.HttpCommandExecutor.execute(HttpCommandExecutor.java:158)
at org.openqa.selenium.remote.service.DriverCommandExecutor.execute(DriverCommandExecutor.java:83)
at org.openqa.selenium.remote.RemoteWebDriver.execute(RemoteWebDriver.java:548)
at org.openqa.selenium.remote.RemoteWebElement.execute(RemoteWebElement.java:276)
at org.openqa.selenium.remote.RemoteWebElement.click(RemoteWebElement.java:83)
at pages.com.practice.expandtesting.BasePageObject.click(BasePageObject.java:48)
at pages.com.practice.expandtesting.HomePage.openNotesAppPage(HomePage.java:129)
at tests.app.notes.com.practice.expandtesting.MyNotesPageTest.positiveloginTesting(MyNotesPageTest.java:19)
at tests.app.notes.com.practice.expandtesting.MyNotesPageTest.addNoteNegativeTesting(MyNotesPageTest.java:51)
at java.base/java.util.concurrent.FutureTask.run(FutureTask.java:264)
at java.base/java.util.concurrent.ThreadPoolExecutor.runWorker(ThreadPoolExecutor.java:1128)
at java.base/java.util.concurrent.ThreadPoolExecutor$Worker.run(ThreadPoolExecutor.java:628)
at java.base/java.lang.Thread.run(Thread.java:834)
... Removed 20 stack frames]]>
    </failure>
  </testcase> <!-- addNoteNegativeTesting -->
  <testcase classname="tests.app.notes.com.practice.expandtesting.MyNotesPageTest" name="cancelCloseAddNoteTesting" time="0.0">
    <ignored/>
  </testcase> <!-- cancelCloseAddNoteTesting -->
  <testcase classname="tests.app.notes.com.practice.expandtesting.MyNotesPageTest" name="cardsActionsTesting" time="0.0">
    <ignored/>
  </testcase> <!-- cardsActionsTesting -->
  <testcase classname="tests.app.notes.com.practice.expandtesting.MyNotesPageTest" name="searchNotesTesting" time="0.0">
    <ignored/>
  </testcase> <!-- searchNotesTesting -->
  <testcase classname="tests.app.notes.com.practice.expandtesting.MyNotesPageTest" name="cardsColorBycategoryTesting" time="0.0">
    <ignored/>
  </testcase> <!-- cardsColorBycategoryTesting -->
  <testcase classname="tests.app.notes.com.practice.expandtesting.MyNotesPageTest" name="categoryTabsTesting" time="0.0">
    <ignored/>
  </testcase> <!-- categoryTabsTesting -->
  <testcase classname="tests.app.notes.com.practice.expandtesting.MyNotesPageTest" name="addNotePositiveTesting" time="0.0">
    <ignored/>
  </testcase> <!-- addNotePositiveTesting -->
</testsuite> <!-- Negative-Test -->
